开始批量搜集 46 位人物传记（Kimi）...
并发数: 3

[OK] 三娘子 -> 后妃宗室/三娘子.md (506行, 208秒)
[OK] 朱常洛 -> 后妃宗室/朱常洛.md (379行, 239秒)
[OK] 朱翊镠 -> 后妃宗室/朱翊镠.md (433行, 306秒)
[OK] 王崇古 -> 阁臣重臣/王崇古.md (632行, 287秒)
[OK] 张四维 -> 阁臣重臣/张四维.md (526行, 203秒)
[OK] 王锡爵 -> 阁臣重臣/王锡爵.md (408行, 178秒)
[OK] 沈一贯 -> 阁臣重臣/沈一贯.md (328行, 174秒)
[OK] 叶向高 -> 阁臣重臣/叶向高.md (405行, 234秒)
[OK] 严世蕃 -> 阁臣重臣/严世蕃.md (416行, 792秒)
[OK] 李春芳 -> 阁臣重臣/李春芳.md (331行, 218秒)
[OK] 方从哲 -> 阁臣重臣/方从哲.md (400行, 512秒)
[OK] 赵志皋 -> 阁臣重臣/赵志皋.md (474行, 332秒)
[OK] 顾宪成 -> 中下层文官/顾宪成.md (404行, 246秒)
[OK] 杨继盛 -> 中下层文官/杨继盛.md (308行, 292秒)
[OK] 高攀龙 -> 中下层文官/高攀龙.md (370行, 315秒)
[FAIL] 潘季驯 - 文件未生成 (18秒)
[FAIL] 方逢时 - 文件未生成 (18秒)
[OK] 邹元标 -> 中下层文官/邹元标.md (371行, 362秒)
[OK] 赵南星 -> 中下层文官/赵南星.md (217行, 249秒)
[FAIL] 陈矩 - 文件未生成 (17秒)
[FAIL] 胡宗宪 - 文件未生成 (17秒)
[FAIL] 谭纶 - 文件未生成 (18秒)
[FAIL] 李如松 - 文件未生成 (18秒)
[FAIL] 马芳 - 文件未生成 (17秒)
[FAIL] 刘綎 - 文件未生成 (17秒)
[FAIL] 陈璘 - 文件未生成 (17秒)
[FAIL] 麻贵 - 文件未生成 (17秒)
[FAIL] 邓子龙 - 文件未生成 (18秒)
[FAIL] 徐渭 - 文件未生成 (18秒)
[FAIL] 李时珍 - 文件未生成 (18秒)
[FAIL] 归有光 - 文件未生成 (17秒)
[FAIL] 董其昌 - 文件未生成 (18秒)
[FAIL] 王畿 - 文件未生成 (18秒)
[FAIL] 朱载堉 - 文件未生成 (17秒)
[FAIL] 何心隐 - 文件未生成 (17秒)
[FAIL] 汪直 - 文件未生成 (17秒)
[FAIL] 杨应龙 - 文件未生成 (17秒)
[FAIL] 紫柏真可 - 文件未生成 (17秒)
[FAIL] 憨山德清 - 文件未生成 (18秒)
[FAIL] 莲池袾宏 - 文件未生成 (19秒)
[FAIL] 利玛窦 - 文件未生成 (17秒)
[FAIL] 丰臣秀吉 - 文件未生成 (17秒)
[FAIL] 努尔哈赤 - 文件未生成 (16秒)
[FAIL] 李舜臣 - 文件未生成 (17秒)
[FAIL] 小西行长 - 文件未生成 (17秒)
[FAIL] 范礼安 - 文件未生成 (17秒)

============================================================
完成！总耗时: 1892秒 (31.5分钟)
成功: 17/46
总行数: 6908, 平均: 406行/人
失败: ['潘季驯', '方逢时', '陈矩', '胡宗宪', '谭纶', '李如松', '马芳', '刘綎', '陈璘', '麻贵', '邓子龙', '徐渭', '李时珍', '归有光', '董其昌', '王畿', '朱载堉', '何心隐', '汪直', '杨应龙', '紫柏真可', '憨山德清', '莲池袾宏', '利玛窦', '丰臣秀吉', '努尔哈赤', '李舜臣', '小西行长', '范礼安']
